查询到 54 个ak：['LTAI4G37XyxEM5yb4R9a8CAW', 'LTAI4G3bG7aymzveKCkFxm8g', 'LTAI4FcvmYws8RQNSLuxFNwU', 'LTAI4FeSLnLp2e4WTk2fAZss', 'LTAI4FujoeQpXxTvgnj7We7Y', 'LTAI4FdkB2HSkMVmnwRKqv3d', 'LTAI4Fjvxatv2wUPSWqXJZ8Y', 'LTAI4FsiWKifHguZNmKyo5S8', 'LTAI4FtvAS1F3kvCtuNojx7B', 'LTAI4FrzpT6px58KMvoAiLUb', 'LTAI4FkkCBnDRs6pv9DEjxza', 'LTAI4FsbjjUjCYBWhfEk2tgP', 'LTAI4FnGbPpBSGR1JGgA164k', 'LTAI4Fs7pQFN18gZk5nR2nCk', 'LTAI4Fh2eMbnHC2xkfjWKwQV', 'LTAI4FtefhYWC4r6VbULmHxA', 'LTAI4G6t3R65auo9iUmNZey2', 'LTAIdkCiUdtvLToe', 'LTAI2G7BUzeWKEqq', 'LTAI4FzbprSpb2QFurV3pVJh', 'LTAIFka39fEtZGtN', 'LTAI4FoXNYYr7jeRtH5XkoRy', 'LTAItKLKxc5UGbiR', 'LTAIMaPSCAbVdgm7', 'LTAIW2ApH8KRJHgb', 'LTAI9TxYmVRUdZuV', 'LTAI4G3NWC4vr8nqyjq2aCyG', 'LTAI4GKEXRvdmtSaDY7oa7Hv', 'LTAI4GBw4DSdnCnfBkjaTs6b', 'LTAI4FzgjM9HUUWLZ7ZhQmWw', 'LTAI4GAe32TWGpYUSTUBRnpW', 'LTAI4GBMtLe6MbCKjKQCCoTw', 'LTAI4G7SSKi2rugeLLMkXUfx', 'LTAI4G28kTzf1teSzfi1YiHi', 'LTAI4G1zVyT43cJLVXAzTJjG', 'LTAI4Fu5ApcTvCqJiCrbqff6', 'LTAI4FjGFzmW1DdDre7W9W4e', 'LTAI4FedWycdDdBgEzoLa1QS', 'LTAI4FeS12oDsMJHacgRBWrX', 'LTAI4FkY8eyGLqZrbtyu7HzC', 'LTAI4Fmi6C5LHeYV7N8H4BEK', 'LTAI4FshhyZJiH8bsyQT5UjT', 'LTAI4FxmHENATRdWp7t4va9T', 'LTAIbFh2YOwizwZl', 'LTAIGsqrLGC7GHtK', 'LTAIa7p7MBazCMka', 'LTAILq8dYmHpWeCJ', 'LTAIWXB9tDoMG9wj', 'LTAIYASREabK6nZC', 'LTAIISDYcKKGRn19', 'LTAIOIqi9lKhbiH7', 'LTAIa5swXQwtUVfz', 'LTAI4G5BqZaAQJHXk8csjj7K', 'LTAIdZWPSt9eyqg3']
------------------ ['LTAI4G37XyxEM5yb4R9a8CAW', 'LTAI4G3bG7aymzveKCkFxm8g', 'LTAI4FcvmYws8RQNSLuxFNwU', 'LTAI4FeSLnLp2e4WTk2fAZss', 'LTAI4FujoeQpXxTvgnj7We7Y', 'LTAI4FdkB2HSkMVmnwRKqv3d', 'LTAI4Fjvxatv2wUPSWqXJZ8Y', 'LTAI4FsiWKifHguZNmKyo5S8', 'LTAI4FtvAS1F3kvCtuNojx7B', 'LTAI4FrzpT6px58KMvoAiLUb', 'LTAI4FkkCBnDRs6pv9DEjxza', 'LTAI4FsbjjUjCYBWhfEk2tgP', 'LTAI4FnGbPpBSGR1JGgA164k', 'LTAI4Fs7pQFN18gZk5nR2nCk', 'LTAI4Fh2eMbnHC2xkfjWKwQV', 'LTAI4FtefhYWC4r6VbULmHxA', 'LTAI4G6t3R65auo9iUmNZey2', 'LTAIdkCiUdtvLToe', 'LTAI2G7BUzeWKEqq', 'LTAI4FzbprSpb2QFurV3pVJh', 'LTAIFka39fEtZGtN', 'LTAI4FoXNYYr7jeRtH5XkoRy', 'LTAItKLKxc5UGbiR', 'LTAIMaPSCAbVdgm7', 'LTAIW2ApH8KRJHgb', 'LTAI9TxYmVRUdZuV', 'LTAI4G3NWC4vr8nqyjq2aCyG', 'LTAI4GKEXRvdmtSaDY7oa7Hv', 'LTAI4GBw4DSdnCnfBkjaTs6b', 'LTAI4FzgjM9HUUWLZ7ZhQmWw', 'LTAI4GAe32TWGpYUSTUBRnpW', 'LTAI4GBMtLe6MbCKjKQCCoTw', 'LTAI4G7SSKi2rugeLLMkXUfx', 'LTAI4G28kTzf1teSzfi1YiHi', 'LTAI4G1zVyT43cJLVXAzTJjG', 'LTAI4Fu5ApcTvCqJiCrbqff6', 'LTAI4FjGFzmW1DdDre7W9W4e', 'LTAI4FedWycdDdBgEzoLa1QS', 'LTAI4FeS12oDsMJHacgRBWrX', 'LTAI4FkY8eyGLqZrbtyu7HzC', 'LTAI4Fmi6C5LHeYV7N8H4BEK', 'LTAI4FshhyZJiH8bsyQT5UjT', 'LTAI4FxmHENATRdWp7t4va9T', 'LTAIbFh2YOwizwZl', 'LTAIGsqrLGC7GHtK', 'LTAIa7p7MBazCMka', 'LTAILq8dYmHpWeCJ', 'LTAIWXB9tDoMG9wj', 'LTAIYASREabK6nZC', 'LTAIISDYcKKGRn19', 'LTAIOIqi9lKhbiH7', 'LTAIa5swXQwtUVfz', 'LTAI4G5BqZaAQJHXk8csjj7K', 'LTAIdZWPSt9eyqg3']
开始线程：Thread-1 2020-09-07 17:12:36
|||||||||||||||||||||||| ['LTAI4G37XyxEM5yb4R9a8CAW', 'LTAI4G3bG7aymzveKCkFxm8g', 'LTAI4FcvmYws8RQNSLuxFNwU', 'LTAI4FeSLnLp2e4WTk2fAZss'] <class 'list'>
开始线程：Thread-2 2020-09-07 17:12:41
|||||||||||||||||||||||| ['LTAI4FujoeQpXxTvgnj7We7Y', 'LTAI4FdkB2HSkMVmnwRKqv3d', 'LTAI4Fjvxatv2wUPSWqXJZ8Y', 'LTAI4FsiWKifHguZNmKyo5S8'] <class 'list'>
开始线程：Thread-3 2020-09-07 17:12:46
|||||||||||||||||||||||| ['LTAI4FtvAS1F3kvCtuNojx7B', 'LTAI4FrzpT6px58KMvoAiLUb', 'LTAI4FkkCBnDRs6pv9DEjxza', 'LTAI4FsbjjUjCYBWhfEk2tgP'] <class 'list'>
开始线程：Thread-4 2020-09-07 17:12:51
|||||||||||||||||||||||| ['LTAI4FnGbPpBSGR1JGgA164k', 'LTAI4Fs7pQFN18gZk5nR2nCk', 'LTAI4Fh2eMbnHC2xkfjWKwQV', 'LTAI4FtefhYWC4r6VbULmHxA'] <class 'list'>
开始线程：Thread-5 2020-09-07 17:12:56
|||||||||||||||||||||||| ['LTAI4G6t3R65auo9iUmNZey2', 'LTAIdkCiUdtvLToe', 'LTAI2G7BUzeWKEqq', 'LTAI4FzbprSpb2QFurV3pVJh'] <class 'list'>
开始线程：Thread-6 2020-09-07 17:13:01
|||||||||||||||||||||||| ['LTAIFka39fEtZGtN', 'LTAI4FoXNYYr7jeRtH5XkoRy', 'LTAItKLKxc5UGbiR', 'LTAIMaPSCAbVdgm7'] <class 'list'>
开始线程：Thread-7 2020-09-07 17:13:06
|||||||||||||||||||||||| ['LTAIW2ApH8KRJHgb', 'LTAI9TxYmVRUdZuV', 'LTAI4G3NWC4vr8nqyjq2aCyG', 'LTAI4GKEXRvdmtSaDY7oa7Hv'] <class 'list'>
开始线程：Thread-8 2020-09-07 17:13:11
|||||||||||||||||||||||| ['LTAI4GBw4DSdnCnfBkjaTs6b', 'LTAI4FzgjM9HUUWLZ7ZhQmWw', 'LTAI4GAe32TWGpYUSTUBRnpW', 'LTAI4GBMtLe6MbCKjKQCCoTw'] <class 'list'>
开始线程：Thread-9 2020-09-07 17:13:16
|||||||||||||||||||||||| ['LTAI4G7SSKi2rugeLLMkXUfx', 'LTAI4G28kTzf1teSzfi1YiHi', 'LTAI4G1zVyT43cJLVXAzTJjG', 'LTAI4Fu5ApcTvCqJiCrbqff6'] <class 'list'>
开始线程：Thread-10 2020-09-07 17:13:21
|||||||||||||||||||||||| ['LTAI4FjGFzmW1DdDre7W9W4e', 'LTAI4FedWycdDdBgEzoLa1QS', 'LTAI4FeS12oDsMJHacgRBWrX', 'LTAI4FkY8eyGLqZrbtyu7HzC'] <class 'list'>
开始线程：Thread-11 2020-09-07 17:13:26
|||||||||||||||||||||||| ['LTAI4Fmi6C5LHeYV7N8H4BEK', 'LTAI4FshhyZJiH8bsyQT5UjT', 'LTAI4FxmHENATRdWp7t4va9T', 'LTAIbFh2YOwizwZl'] <class 'list'>
开始线程：Thread-12 2020-09-07 17:13:31
|||||||||||||||||||||||| ['LTAIGsqrLGC7GHtK', 'LTAIa7p7MBazCMka', 'LTAILq8dYmHpWeCJ', 'LTAIWXB9tDoMG9wj'] <class 'list'>
开始线程：Thread-13 2020-09-07 17:13:36
|||||||||||||||||||||||| ['LTAIYASREabK6nZC', 'LTAIISDYcKKGRn19', 'LTAIOIqi9lKhbiH7', 'LTAIa5swXQwtUVfz'] <class 'list'>
开始线程：Thread-14 2020-09-07 17:13:41
|||||||||||||||||||||||| ['LTAI4G5BqZaAQJHXk8csjj7K', 'LTAIdZWPSt9eyqg3'] <class 'list'>
开始线程：Thread-15 2020-09-07 17:13:46
|||||||||||||||||||||||| [] <class 'list'>
开始线程：Thread-16 2020-09-07 17:13:51
|||||||||||||||||||||||| [] <class 'list'>
退出线程：Thread-1 2020-09-07 17:13:56
退出线程：Thread-2 2020-09-07 17:13:56
退出线程：Thread-3 2020-09-07 17:13:56
退出线程：Thread-4 2020-09-07 17:13:56
退出线程：Thread-5 2020-09-07 17:13:56
退出线程：Thread-6 2020-09-07 17:13:56
退出线程：Thread-7 2020-09-07 17:13:56
退出线程：Thread-8 2020-09-07 17:13:56
退出线程：Thread-9 2020-09-07 17:13:56
退出线程：Thread-10 2020-09-07 17:13:56
退出线程：Thread-11 2020-09-07 17:13:56
退出线程：Thread-12 2020-09-07 17:13:56
退出线程：Thread-13 2020-09-07 17:13:56
退出线程：Thread-14 2020-09-07 17:13:56
退出线程：Thread-15 2020-09-07 17:13:56
退出线程：Thread-16 2020-09-07 17:13:56
第 1 轮的ak查询已完成,完成ak查询共 0 个,未完成遍历查询的ak 54 个.未完成的ak:[ ['LTAI4G37XyxEM5yb4R9a8CAW', 'LTAI4G3bG7aymzveKCkFxm8g', 'LTAI4FcvmYws8RQNSLuxFNwU', 'LTAI4FeSLnLp2e4WTk2fAZss', 'LTAI4FujoeQpXxTvgnj7We7Y', 'LTAI4FdkB2HSkMVmnwRKqv3d', 'LTAI4Fjvxatv2wUPSWqXJZ8Y', 'LTAI4FsiWKifHguZNmKyo5S8', 'LTAI4FtvAS1F3kvCtuNojx7B', 'LTAI4FrzpT6px58KMvoAiLUb', 'LTAI4FkkCBnDRs6pv9DEjxza', 'LTAI4FsbjjUjCYBWhfEk2tgP', 'LTAI4FnGbPpBSGR1JGgA164k', 'LTAI4Fs7pQFN18gZk5nR2nCk', 'LTAI4Fh2eMbnHC2xkfjWKwQV', 'LTAI4FtefhYWC4r6VbULmHxA', 'LTAI4G6t3R65auo9iUmNZey2', 'LTAIdkCiUdtvLToe', 'LTAI2G7BUzeWKEqq', 'LTAI4FzbprSpb2QFurV3pVJh', 'LTAIFka39fEtZGtN', 'LTAI4FoXNYYr7jeRtH5XkoRy', 'LTAItKLKxc5UGbiR', 'LTAIMaPSCAbVdgm7', 'LTAIW2ApH8KRJHgb', 'LTAI9TxYmVRUdZuV', 'LTAI4G3NWC4vr8nqyjq2aCyG', 'LTAI4GKEXRvdmtSaDY7oa7Hv', 'LTAI4GBw4DSdnCnfBkjaTs6b', 'LTAI4FzgjM9HUUWLZ7ZhQmWw', 'LTAI4GAe32TWGpYUSTUBRnpW', 'LTAI4GBMtLe6MbCKjKQCCoTw', 'LTAI4G7SSKi2rugeLLMkXUfx', 'LTAI4G28kTzf1teSzfi1YiHi', 'LTAI4G1zVyT43cJLVXAzTJjG', 'LTAI4Fu5ApcTvCqJiCrbqff6', 'LTAI4FjGFzmW1DdDre7W9W4e', 'LTAI4FedWycdDdBgEzoLa1QS', 'LTAI4FeS12oDsMJHacgRBWrX', 'LTAI4FkY8eyGLqZrbtyu7HzC', 'LTAI4Fmi6C5LHeYV7N8H4BEK', 'LTAI4FshhyZJiH8bsyQT5UjT', 'LTAI4FxmHENATRdWp7t4va9T', 'LTAIbFh2YOwizwZl', 'LTAIGsqrLGC7GHtK', 'LTAIa7p7MBazCMka', 'LTAILq8dYmHpWeCJ', 'LTAIWXB9tDoMG9wj', 'LTAIYASREabK6nZC', 'LTAIISDYcKKGRn19', 'LTAIOIqi9lKhbiH7', 'LTAIa5swXQwtUVfz', 'LTAI4G5BqZaAQJHXk8csjj7K', 'LTAIdZWPSt9eyqg3'] ]
------------------ ['LTAI4G37XyxEM5yb4R9a8CAW', 'LTAI4G3bG7aymzveKCkFxm8g', 'LTAI4FcvmYws8RQNSLuxFNwU', 'LTAI4FeSLnLp2e4WTk2fAZss', 'LTAI4FujoeQpXxTvgnj7We7Y', 'LTAI4FdkB2HSkMVmnwRKqv3d', 'LTAI4Fjvxatv2wUPSWqXJZ8Y', 'LTAI4FsiWKifHguZNmKyo5S8', 'LTAI4FtvAS1F3kvCtuNojx7B', 'LTAI4FrzpT6px58KMvoAiLUb', 'LTAI4FkkCBnDRs6pv9DEjxza', 'LTAI4FsbjjUjCYBWhfEk2tgP', 'LTAI4FnGbPpBSGR1JGgA164k', 'LTAI4Fs7pQFN18gZk5nR2nCk', 'LTAI4Fh2eMbnHC2xkfjWKwQV', 'LTAI4FtefhYWC4r6VbULmHxA', 'LTAI4G6t3R65auo9iUmNZey2', 'LTAIdkCiUdtvLToe', 'LTAI2G7BUzeWKEqq', 'LTAI4FzbprSpb2QFurV3pVJh', 'LTAIFka39fEtZGtN', 'LTAI4FoXNYYr7jeRtH5XkoRy', 'LTAItKLKxc5UGbiR', 'LTAIMaPSCAbVdgm7', 'LTAIW2ApH8KRJHgb', 'LTAI9TxYmVRUdZuV', 'LTAI4G3NWC4vr8nqyjq2aCyG', 'LTAI4GKEXRvdmtSaDY7oa7Hv', 'LTAI4GBw4DSdnCnfBkjaTs6b', 'LTAI4FzgjM9HUUWLZ7ZhQmWw', 'LTAI4GAe32TWGpYUSTUBRnpW', 'LTAI4GBMtLe6MbCKjKQCCoTw', 'LTAI4G7SSKi2rugeLLMkXUfx', 'LTAI4G28kTzf1teSzfi1YiHi', 'LTAI4G1zVyT43cJLVXAzTJjG', 'LTAI4Fu5ApcTvCqJiCrbqff6', 'LTAI4FjGFzmW1DdDre7W9W4e', 'LTAI4FedWycdDdBgEzoLa1QS', 'LTAI4FeS12oDsMJHacgRBWrX', 'LTAI4FkY8eyGLqZrbtyu7HzC', 'LTAI4Fmi6C5LHeYV7N8H4BEK', 'LTAI4FshhyZJiH8bsyQT5UjT', 'LTAI4FxmHENATRdWp7t4va9T', 'LTAIbFh2YOwizwZl', 'LTAIGsqrLGC7GHtK', 'LTAIa7p7MBazCMka', 'LTAILq8dYmHpWeCJ', 'LTAIWXB9tDoMG9wj', 'LTAIYASREabK6nZC', 'LTAIISDYcKKGRn19', 'LTAIOIqi9lKhbiH7', 'LTAIa5swXQwtUVfz', 'LTAI4G5BqZaAQJHXk8csjj7K', 'LTAIdZWPSt9eyqg3']
开始线程：Thread-1 2020-09-07 17:13:56
|||||||||||||||||||||||| ['LTAI4G37XyxEM5yb4R9a8CAW', 'LTAI4G3bG7aymzveKCkFxm8g', 'LTAI4FcvmYws8RQNSLuxFNwU', 'LTAI4FeSLnLp2e4WTk2fAZss'] <class 'list'>
开始线程：Thread-2 2020-09-07 17:14:01
|||||||||||||||||||||||| ['LTAI4FujoeQpXxTvgnj7We7Y', 'LTAI4FdkB2HSkMVmnwRKqv3d', 'LTAI4Fjvxatv2wUPSWqXJZ8Y', 'LTAI4FsiWKifHguZNmKyo5S8'] <class 'list'>
开始线程：Thread-3 2020-09-07 17:14:06
|||||||||||||||||||||||| ['LTAI4FtvAS1F3kvCtuNojx7B', 'LTAI4FrzpT6px58KMvoAiLUb', 'LTAI4FkkCBnDRs6pv9DEjxza', 'LTAI4FsbjjUjCYBWhfEk2tgP'] <class 'list'>
开始线程：Thread-4 2020-09-07 17:14:11
|||||||||||||||||||||||| ['LTAI4FnGbPpBSGR1JGgA164k', 'LTAI4Fs7pQFN18gZk5nR2nCk', 'LTAI4Fh2eMbnHC2xkfjWKwQV', 'LTAI4FtefhYWC4r6VbULmHxA'] <class 'list'>
开始线程：Thread-5 2020-09-07 17:14:16
|||||||||||||||||||||||| ['LTAI4G6t3R65auo9iUmNZey2', 'LTAIdkCiUdtvLToe', 'LTAI2G7BUzeWKEqq', 'LTAI4FzbprSpb2QFurV3pVJh'] <class 'list'>
开始线程：Thread-6 2020-09-07 17:14:21
|||||||||||||||||||||||| ['LTAIFka39fEtZGtN', 'LTAI4FoXNYYr7jeRtH5XkoRy', 'LTAItKLKxc5UGbiR', 'LTAIMaPSCAbVdgm7'] <class 'list'>
开始线程：Thread-7 2020-09-07 17:14:26
|||||||||||||||||||||||| ['LTAIW2ApH8KRJHgb', 'LTAI9TxYmVRUdZuV', 'LTAI4G3NWC4vr8nqyjq2aCyG', 'LTAI4GKEXRvdmtSaDY7oa7Hv'] <class 'list'>
开始线程：Thread-8 2020-09-07 17:14:31
|||||||||||||||||||||||| ['LTAI4GBw4DSdnCnfBkjaTs6b', 'LTAI4FzgjM9HUUWLZ7ZhQmWw', 'LTAI4GAe32TWGpYUSTUBRnpW', 'LTAI4GBMtLe6MbCKjKQCCoTw'] <class 'list'>
开始线程：Thread-9 2020-09-07 17:14:36
|||||||||||||||||||||||| ['LTAI4G7SSKi2rugeLLMkXUfx', 'LTAI4G28kTzf1teSzfi1YiHi', 'LTAI4G1zVyT43cJLVXAzTJjG', 'LTAI4Fu5ApcTvCqJiCrbqff6'] <class 'list'>
开始线程：Thread-10 2020-09-07 17:14:41
|||||||||||||||||||||||| ['LTAI4FjGFzmW1DdDre7W9W4e', 'LTAI4FedWycdDdBgEzoLa1QS', 'LTAI4FeS12oDsMJHacgRBWrX', 'LTAI4FkY8eyGLqZrbtyu7HzC'] <class 'list'>
开始线程：Thread-11 2020-09-07 17:14:46
|||||||||||||||||||||||| ['LTAI4Fmi6C5LHeYV7N8H4BEK', 'LTAI4FshhyZJiH8bsyQT5UjT', 'LTAI4FxmHENATRdWp7t4va9T', 'LTAIbFh2YOwizwZl'] <class 'list'>
开始线程：Thread-12 2020-09-07 17:14:51
|||||||||||||||||||||||| ['LTAIGsqrLGC7GHtK', 'LTAIa7p7MBazCMka', 'LTAILq8dYmHpWeCJ', 'LTAIWXB9tDoMG9wj'] <class 'list'>
开始线程：Thread-13 2020-09-07 17:14:56
|||||||||||||||||||||||| ['LTAIYASREabK6nZC', 'LTAIISDYcKKGRn19', 'LTAIOIqi9lKhbiH7', 'LTAIa5swXQwtUVfz'] <class 'list'>
开始线程：Thread-14 2020-09-07 17:15:01
|||||||||||||||||||||||| ['LTAI4G5BqZaAQJHXk8csjj7K', 'LTAIdZWPSt9eyqg3'] <class 'list'>
开始线程：Thread-15 2020-09-07 17:15:06
|||||||||||||||||||||||| [] <class 'list'>
开始线程：Thread-16 2020-09-07 17:15:11
|||||||||||||||||||||||| [] <class 'list'>
退出线程：Thread-1 2020-09-07 17:15:16
退出线程：Thread-2 2020-09-07 17:15:16
退出线程：Thread-3 2020-09-07 17:15:16
退出线程：Thread-4 2020-09-07 17:15:16
退出线程：Thread-5 2020-09-07 17:15:16
退出线程：Thread-6 2020-09-07 17:15:16
退出线程：Thread-7 2020-09-07 17:15:16
退出线程：Thread-8 2020-09-07 17:15:16
退出线程：Thread-9 2020-09-07 17:15:16
退出线程：Thread-10 2020-09-07 17:15:16
退出线程：Thread-11 2020-09-07 17:15:16
退出线程：Thread-12 2020-09-07 17:15:16
退出线程：Thread-13 2020-09-07 17:15:16
退出线程：Thread-14 2020-09-07 17:15:16
退出线程：Thread-15 2020-09-07 17:15:16
退出线程：Thread-16 2020-09-07 17:15:16
第 2 轮的ak查询已完成,完成ak查询共 0 个,未完成遍历查询的ak 54 个.未完成的ak:[ ['LTAI4G37XyxEM5yb4R9a8CAW', 'LTAI4G3bG7aymzveKCkFxm8g', 'LTAI4FcvmYws8RQNSLuxFNwU', 'LTAI4FeSLnLp2e4WTk2fAZss', 'LTAI4FujoeQpXxTvgnj7We7Y', 'LTAI4FdkB2HSkMVmnwRKqv3d', 'LTAI4Fjvxatv2wUPSWqXJZ8Y', 'LTAI4FsiWKifHguZNmKyo5S8', 'LTAI4FtvAS1F3kvCtuNojx7B', 'LTAI4FrzpT6px58KMvoAiLUb', 'LTAI4FkkCBnDRs6pv9DEjxza', 'LTAI4FsbjjUjCYBWhfEk2tgP', 'LTAI4FnGbPpBSGR1JGgA164k', 'LTAI4Fs7pQFN18gZk5nR2nCk', 'LTAI4Fh2eMbnHC2xkfjWKwQV', 'LTAI4FtefhYWC4r6VbULmHxA', 'LTAI4G6t3R65auo9iUmNZey2', 'LTAIdkCiUdtvLToe', 'LTAI2G7BUzeWKEqq', 'LTAI4FzbprSpb2QFurV3pVJh', 'LTAIFka39fEtZGtN', 'LTAI4FoXNYYr7jeRtH5XkoRy', 'LTAItKLKxc5UGbiR', 'LTAIMaPSCAbVdgm7', 'LTAIW2ApH8KRJHgb', 'LTAI9TxYmVRUdZuV', 'LTAI4G3NWC4vr8nqyjq2aCyG', 'LTAI4GKEXRvdmtSaDY7oa7Hv', 'LTAI4GBw4DSdnCnfBkjaTs6b', 'LTAI4FzgjM9HUUWLZ7ZhQmWw', 'LTAI4GAe32TWGpYUSTUBRnpW', 'LTAI4GBMtLe6MbCKjKQCCoTw', 'LTAI4G7SSKi2rugeLLMkXUfx', 'LTAI4G28kTzf1teSzfi1YiHi', 'LTAI4G1zVyT43cJLVXAzTJjG', 'LTAI4Fu5ApcTvCqJiCrbqff6', 'LTAI4FjGFzmW1DdDre7W9W4e', 'LTAI4FedWycdDdBgEzoLa1QS', 'LTAI4FeS12oDsMJHacgRBWrX', 'LTAI4FkY8eyGLqZrbtyu7HzC', 'LTAI4Fmi6C5LHeYV7N8H4BEK', 'LTAI4FshhyZJiH8bsyQT5UjT', 'LTAI4FxmHENATRdWp7t4va9T', 'LTAIbFh2YOwizwZl', 'LTAIGsqrLGC7GHtK', 'LTAIa7p7MBazCMka', 'LTAILq8dYmHpWeCJ', 'LTAIWXB9tDoMG9wj', 'LTAIYASREabK6nZC', 'LTAIISDYcKKGRn19', 'LTAIOIqi9lKhbiH7', 'LTAIa5swXQwtUVfz', 'LTAI4G5BqZaAQJHXk8csjj7K', 'LTAIdZWPSt9eyqg3'] ]
------------------ ['LTAI4G37XyxEM5yb4R9a8CAW', 'LTAI4G3bG7aymzveKCkFxm8g', 'LTAI4FcvmYws8RQNSLuxFNwU', 'LTAI4FeSLnLp2e4WTk2fAZss', 'LTAI4FujoeQpXxTvgnj7We7Y', 'LTAI4FdkB2HSkMVmnwRKqv3d', 'LTAI4Fjvxatv2wUPSWqXJZ8Y', 'LTAI4FsiWKifHguZNmKyo5S8', 'LTAI4FtvAS1F3kvCtuNojx7B', 'LTAI4FrzpT6px58KMvoAiLUb', 'LTAI4FkkCBnDRs6pv9DEjxza', 'LTAI4FsbjjUjCYBWhfEk2tgP', 'LTAI4FnGbPpBSGR1JGgA164k', 'LTAI4Fs7pQFN18gZk5nR2nCk', 'LTAI4Fh2eMbnHC2xkfjWKwQV', 'LTAI4FtefhYWC4r6VbULmHxA', 'LTAI4G6t3R65auo9iUmNZey2', 'LTAIdkCiUdtvLToe', 'LTAI2G7BUzeWKEqq', 'LTAI4FzbprSpb2QFurV3pVJh', 'LTAIFka39fEtZGtN', 'LTAI4FoXNYYr7jeRtH5XkoRy', 'LTAItKLKxc5UGbiR', 'LTAIMaPSCAbVdgm7', 'LTAIW2ApH8KRJHgb', 'LTAI9TxYmVRUdZuV', 'LTAI4G3NWC4vr8nqyjq2aCyG', 'LTAI4GKEXRvdmtSaDY7oa7Hv', 'LTAI4GBw4DSdnCnfBkjaTs6b', 'LTAI4FzgjM9HUUWLZ7ZhQmWw', 'LTAI4GAe32TWGpYUSTUBRnpW', 'LTAI4GBMtLe6MbCKjKQCCoTw', 'LTAI4G7SSKi2rugeLLMkXUfx', 'LTAI4G28kTzf1teSzfi1YiHi', 'LTAI4G1zVyT43cJLVXAzTJjG', 'LTAI4Fu5ApcTvCqJiCrbqff6', 'LTAI4FjGFzmW1DdDre7W9W4e', 'LTAI4FedWycdDdBgEzoLa1QS', 'LTAI4FeS12oDsMJHacgRBWrX', 'LTAI4FkY8eyGLqZrbtyu7HzC', 'LTAI4Fmi6C5LHeYV7N8H4BEK', 'LTAI4FshhyZJiH8bsyQT5UjT', 'LTAI4FxmHENATRdWp7t4va9T', 'LTAIbFh2YOwizwZl', 'LTAIGsqrLGC7GHtK', 'LTAIa7p7MBazCMka', 'LTAILq8dYmHpWeCJ', 'LTAIWXB9tDoMG9wj', 'LTAIYASREabK6nZC', 'LTAIISDYcKKGRn19', 'LTAIOIqi9lKhbiH7', 'LTAIa5swXQwtUVfz', 'LTAI4G5BqZaAQJHXk8csjj7K', 'LTAIdZWPSt9eyqg3']
开始线程：Thread-1 2020-09-07 17:15:16
|||||||||||||||||||||||| ['LTAI4G37XyxEM5yb4R9a8CAW', 'LTAI4G3bG7aymzveKCkFxm8g', 'LTAI4FcvmYws8RQNSLuxFNwU', 'LTAI4FeSLnLp2e4WTk2fAZss'] <class 'list'>
开始线程：Thread-2 2020-09-07 17:15:21
|||||||||||||||||||||||| ['LTAI4FujoeQpXxTvgnj7We7Y', 'LTAI4FdkB2HSkMVmnwRKqv3d', 'LTAI4Fjvxatv2wUPSWqXJZ8Y', 'LTAI4FsiWKifHguZNmKyo5S8'] <class 'list'>
开始线程：Thread-3 2020-09-07 17:15:26
|||||||||||||||||||||||| ['LTAI4FtvAS1F3kvCtuNojx7B', 'LTAI4FrzpT6px58KMvoAiLUb', 'LTAI4FkkCBnDRs6pv9DEjxza', 'LTAI4FsbjjUjCYBWhfEk2tgP'] <class 'list'>
开始线程：Thread-4 2020-09-07 17:15:31
|||||||||||||||||||||||| ['LTAI4FnGbPpBSGR1JGgA164k', 'LTAI4Fs7pQFN18gZk5nR2nCk', 'LTAI4Fh2eMbnHC2xkfjWKwQV', 'LTAI4FtefhYWC4r6VbULmHxA'] <class 'list'>
开始线程：Thread-5 2020-09-07 17:15:36
|||||||||||||||||||||||| ['LTAI4G6t3R65auo9iUmNZey2', 'LTAIdkCiUdtvLToe', 'LTAI2G7BUzeWKEqq', 'LTAI4FzbprSpb2QFurV3pVJh'] <class 'list'>
开始线程：Thread-6 2020-09-07 17:15:41
|||||||||||||||||||||||| ['LTAIFka39fEtZGtN', 'LTAI4FoXNYYr7jeRtH5XkoRy', 'LTAItKLKxc5UGbiR', 'LTAIMaPSCAbVdgm7'] <class 'list'>
开始线程：Thread-7 2020-09-07 17:15:46
|||||||||||||||||||||||| ['LTAIW2ApH8KRJHgb', 'LTAI9TxYmVRUdZuV', 'LTAI4G3NWC4vr8nqyjq2aCyG', 'LTAI4GKEXRvdmtSaDY7oa7Hv'] <class 'list'>
开始线程：Thread-8 2020-09-07 17:15:51
|||||||||||||||||||||||| ['LTAI4GBw4DSdnCnfBkjaTs6b', 'LTAI4FzgjM9HUUWLZ7ZhQmWw', 'LTAI4GAe32TWGpYUSTUBRnpW', 'LTAI4GBMtLe6MbCKjKQCCoTw'] <class 'list'>
开始线程：Thread-9 2020-09-07 17:15:56
|||||||||||||||||||||||| ['LTAI4G7SSKi2rugeLLMkXUfx', 'LTAI4G28kTzf1teSzfi1YiHi', 'LTAI4G1zVyT43cJLVXAzTJjG', 'LTAI4Fu5ApcTvCqJiCrbqff6'] <class 'list'>
开始线程：Thread-10 2020-09-07 17:16:01
|||||||||||||||||||||||| ['LTAI4FjGFzmW1DdDre7W9W4e', 'LTAI4FedWycdDdBgEzoLa1QS', 'LTAI4FeS12oDsMJHacgRBWrX', 'LTAI4FkY8eyGLqZrbtyu7HzC'] <class 'list'>
开始线程：Thread-11 2020-09-07 17:16:06
|||||||||||||||||||||||| ['LTAI4Fmi6C5LHeYV7N8H4BEK', 'LTAI4FshhyZJiH8bsyQT5UjT', 'LTAI4FxmHENATRdWp7t4va9T', 'LTAIbFh2YOwizwZl'] <class 'list'>
开始线程：Thread-12 2020-09-07 17:16:11
|||||||||||||||||||||||| ['LTAIGsqrLGC7GHtK', 'LTAIa7p7MBazCMka', 'LTAILq8dYmHpWeCJ', 'LTAIWXB9tDoMG9wj'] <class 'list'>
开始线程：Thread-13 2020-09-07 17:16:16
|||||||||||||||||||||||| ['LTAIYASREabK6nZC', 'LTAIISDYcKKGRn19', 'LTAIOIqi9lKhbiH7', 'LTAIa5swXQwtUVfz'] <class 'list'>
开始线程：Thread-14 2020-09-07 17:16:21
|||||||||||||||||||||||| ['LTAI4G5BqZaAQJHXk8csjj7K', 'LTAIdZWPSt9eyqg3'] <class 'list'>
开始线程：Thread-15 2020-09-07 17:16:26
|||||||||||||||||||||||| [] <class 'list'>
开始线程：Thread-16 2020-09-07 17:16:31
|||||||||||||||||||||||| [] <class 'list'>
退出线程：Thread-1 2020-09-07 17:16:36
退出线程：Thread-2 2020-09-07 17:16:36
退出线程：Thread-3 2020-09-07 17:16:36
退出线程：Thread-4 2020-09-07 17:16:36
退出线程：Thread-5 2020-09-07 17:16:36
退出线程：Thread-6 2020-09-07 17:16:36
退出线程：Thread-7 2020-09-07 17:16:36
退出线程：Thread-8 2020-09-07 17:16:36
退出线程：Thread-9 2020-09-07 17:16:36
退出线程：Thread-10 2020-09-07 17:16:36
退出线程：Thread-11 2020-09-07 17:16:36
退出线程：Thread-12 2020-09-07 17:16:36
退出线程：Thread-13 2020-09-07 17:16:36
退出线程：Thread-14 2020-09-07 17:16:36
退出线程：Thread-15 2020-09-07 17:16:36
退出线程：Thread-16 2020-09-07 17:16:36
第 3 轮的ak查询已完成,完成ak查询共 0 个,未完成遍历查询的ak 54 个.未完成的ak:[ ['LTAI4G37XyxEM5yb4R9a8CAW', 'LTAI4G3bG7aymzveKCkFxm8g', 'LTAI4FcvmYws8RQNSLuxFNwU', 'LTAI4FeSLnLp2e4WTk2fAZss', 'LTAI4FujoeQpXxTvgnj7We7Y', 'LTAI4FdkB2HSkMVmnwRKqv3d', 'LTAI4Fjvxatv2wUPSWqXJZ8Y', 'LTAI4FsiWKifHguZNmKyo5S8', 'LTAI4FtvAS1F3kvCtuNojx7B', 'LTAI4FrzpT6px58KMvoAiLUb', 'LTAI4FkkCBnDRs6pv9DEjxza', 'LTAI4FsbjjUjCYBWhfEk2tgP', 'LTAI4FnGbPpBSGR1JGgA164k', 'LTAI4Fs7pQFN18gZk5nR2nCk', 'LTAI4Fh2eMbnHC2xkfjWKwQV', 'LTAI4FtefhYWC4r6VbULmHxA', 'LTAI4G6t3R65auo9iUmNZey2', 'LTAIdkCiUdtvLToe', 'LTAI2G7BUzeWKEqq', 'LTAI4FzbprSpb2QFurV3pVJh', 'LTAIFka39fEtZGtN', 'LTAI4FoXNYYr7jeRtH5XkoRy', 'LTAItKLKxc5UGbiR', 'LTAIMaPSCAbVdgm7', 'LTAIW2ApH8KRJHgb', 'LTAI9TxYmVRUdZuV', 'LTAI4G3NWC4vr8nqyjq2aCyG', 'LTAI4GKEXRvdmtSaDY7oa7Hv', 'LTAI4GBw4DSdnCnfBkjaTs6b', 'LTAI4FzgjM9HUUWLZ7ZhQmWw', 'LTAI4GAe32TWGpYUSTUBRnpW', 'LTAI4GBMtLe6MbCKjKQCCoTw', 'LTAI4G7SSKi2rugeLLMkXUfx', 'LTAI4G28kTzf1teSzfi1YiHi', 'LTAI4G1zVyT43cJLVXAzTJjG', 'LTAI4Fu5ApcTvCqJiCrbqff6', 'LTAI4FjGFzmW1DdDre7W9W4e', 'LTAI4FedWycdDdBgEzoLa1QS', 'LTAI4FeS12oDsMJHacgRBWrX', 'LTAI4FkY8eyGLqZrbtyu7HzC', 'LTAI4Fmi6C5LHeYV7N8H4BEK', 'LTAI4FshhyZJiH8bsyQT5UjT', 'LTAI4FxmHENATRdWp7t4va9T', 'LTAIbFh2YOwizwZl', 'LTAIGsqrLGC7GHtK', 'LTAIa7p7MBazCMka', 'LTAILq8dYmHpWeCJ', 'LTAIWXB9tDoMG9wj', 'LTAIYASREabK6nZC', 'LTAIISDYcKKGRn19', 'LTAIOIqi9lKhbiH7', 'LTAIa5swXQwtUVfz', 'LTAI4G5BqZaAQJHXk8csjj7K', 'LTAIdZWPSt9eyqg3'] ]
退出主线程 2020-09-07 17:16:36
